Logfile initialized
[INFO] logfile = /Users/hdez/Documents/Lynda/Ti Essential Training/Project Files/06/03 Creating custom table rows/build.log
[DEBUG] /Library/Application Support/Titanium/mobilesdk/osx/1.7.5/android/builder.py install 06-03 Creating Custom Table Rows /Applications/android-sdk-mac_x86 /Users/hdez/Documents/Lynda/Ti Essential Training/Project Files/06/03 Creating custom table rows com.lynda.ti0603 16
[INFO] Titanium SDK version: 1.7.5 (11/02/11 17:00 ab20af7)
[DEBUG] Waiting for device to be ready ...
[TRACE] adb devices returned 1 devices/emulators
[DEBUG] Device connected... (waited 0 seconds)
[DEBUG] waited 0.053194 seconds on emulator to get ready
[DEBUG] com.lynda.ti0603 installed? False
[INFO] Copying project resources..
[INFO] Detected tiapp.xml change (or assets deleted), forcing full re-build...
[TRACE] COPYING CREATED FILE: /Users/hdez/Documents/Lynda/Ti Essential Training/Project Files/06/03 Creating custom table rows/Resources/android/appicon.png => /Users/hdez/Documents/Lynda/Ti Essential Training/Project Files/06/03 Creating custom table rows/build/android/bin/assets/Resources/appicon.png
[TRACE] COPYING CREATED FILE: /Users/hdez/Documents/Lynda/Ti Essential Training/Project Files/06/03 Creating custom table rows/Resources/android/default.png => /Users/hdez/Documents/Lynda/Ti Essential Training/Project Files/06/03 Creating custom table rows/build/android/bin/assets/Resources/default.png
[TRACE] COPYING CREATED FILE: /Users/hdez/Documents/Lynda/Ti Essential Training/Project Files/06/03 Creating custom table rows/Resources/app.js => /Users/hdez/Documents/Lynda/Ti Essential Training/Project Files/06/03 Creating custom table rows/build/android/bin/assets/Resources/app.js
[TRACE] COPYING CREATED FILE: /Users/hdez/Documents/Lynda/Ti Essential Training/Project Files/06/03 Creating custom table rows/Resources/images/backpack.png => /Users/hdez/Documents/Lynda/Ti Essential Training/Project Files/06/03 Creating custom table rows/build/android/bin/assets/Resources/images/backpack.png
[TRACE] COPYING CREATED FILE: /Users/hdez/Documents/Lynda/Ti Essential Training/Project Files/06/03 Creating custom table rows/Resources/images/backpack@2x.png => /Users/hdez/Documents/Lynda/Ti Essential Training/Project Files/06/03 Creating custom table rows/build/android/bin/assets/Resources/images/backpack@2x.png
[TRACE] COPYING CREATED FILE: /Users/hdez/Documents/Lynda/Ti Essential Training/Project Files/06/03 Creating custom table rows/Resources/images/desert-sea.png => /Users/hdez/Documents/Lynda/Ti Essential Training/Project Files/06/03 Creating custom table rows/build/android/bin/assets/Resources/images/desert-sea.png
[TRACE] COPYING CREATED FILE: /Users/hdez/Documents/Lynda/Ti Essential Training/Project Files/06/03 Creating custom table rows/Resources/images/desert-sea@2x.png => /Users/hdez/Documents/Lynda/Ti Essential Training/Project Files/06/03 Creating custom table rows/build/android/bin/assets/Resources/images/desert-sea@2x.png
[TRACE] COPYING CREATED FILE: /Users/hdez/Documents/Lynda/Ti Essential Training/Project Files/06/03 Creating custom table rows/Resources/images/spa.png => /Users/hdez/Documents/Lynda/Ti Essential Training/Project Files/06/03 Creating custom table rows/build/android/bin/assets/Resources/images/spa.png
[TRACE] COPYING CREATED FILE: /Users/hdez/Documents/Lynda/Ti Essential Training/Project Files/06/03 Creating custom table rows/Resources/images/spa@2x.png => /Users/hdez/Documents/Lynda/Ti Essential Training/Project Files/06/03 Creating custom table rows/build/android/bin/assets/Resources/images/spa@2x.png
[TRACE] COPYING CREATED FILE: /Users/hdez/Documents/Lynda/Ti Essential Training/Project Files/06/03 Creating custom table rows/Resources/KS_nav_ui.png => /Users/hdez/Documents/Lynda/Ti Essential Training/Project Files/06/03 Creating custom table rows/build/android/bin/assets/Resources/KS_nav_ui.png
[TRACE] COPYING CREATED FILE: /Users/hdez/Documents/Lynda/Ti Essential Training/Project Files/06/03 Creating custom table rows/Resources/KS_nav_views.png => /Users/hdez/Documents/Lynda/Ti Essential Training/Project Files/06/03 Creating custom table rows/build/android/bin/assets/Resources/KS_nav_views.png
[TRACE] Generating Java Classes
[DEBUG] Processing Android resource drawables
[DEBUG] app stylesheet => /Users/hdez/Documents/Lynda/Ti Essential Training/Project Files/06/03 Creating custom table rows/build/android/gen/com/lynda/ti0603/ApplicationStylesheet.java
[DEBUG] copying app icon: /Users/hdez/Documents/Lynda/Ti Essential Training/Project Files/06/03 Creating custom table rows/build/android/bin/assets/Resources/appicon.png
[DEBUG] generating theme.xml
[DEBUG] found drawable-long-land-hdpi splash screen at /Users/hdez/Documents/Lynda/Ti Essential Training/Project Files/06/03 Creating custom table rows/Resources/android/images/res-long-land-hdpi/default.png
[DEBUG] copying /Users/hdez/Documents/Lynda/Ti Essential Training/Project Files/06/03 Creating custom table rows/Resources/android/images/res-long-land-hdpi/default.png splash screen to /Users/hdez/Documents/Lynda/Ti Essential Training/Project Files/06/03 Creating custom table rows/build/android/res/drawable-long-land-hdpi/background.png
[DEBUG] found drawable-long-land-ldpi splash screen at /Users/hdez/Documents/Lynda/Ti Essential Training/Project Files/06/03 Creating custom table rows/Resources/android/images/res-long-land-ldpi/default.png
[DEBUG] copying /Users/hdez/Documents/Lynda/Ti Essential Training/Project Files/06/03 Creating custom table rows/Resources/android/images/res-long-land-ldpi/default.png splash screen to /Users/hdez/Documents/Lynda/Ti Essential Training/Project Files/06/03 Creating custom table rows/build/android/res/drawable-long-land-ldpi/background.png
[DEBUG] found drawable-long-port-hdpi splash screen at /Users/hdez/Documents/Lynda/Ti Essential Training/Project Files/06/03 Creating custom table rows/Resources/android/images/res-long-port-hdpi/default.png
[DEBUG] copying /Users/hdez/Documents/Lynda/Ti Essential Training/Project Files/06/03 Creating custom table rows/Resources/android/images/res-long-port-hdpi/default.png splash screen to /Users/hdez/Documents/Lynda/Ti Essential Training/Project Files/06/03 Creating custom table rows/build/android/res/drawable-long-port-hdpi/background.png
[DEBUG] found drawable-long-port-ldpi splash screen at /Users/hdez/Documents/Lynda/Ti Essential Training/Project Files/06/03 Creating custom table rows/Resources/android/images/res-long-port-ldpi/default.png
[DEBUG] copying /Users/hdez/Documents/Lynda/Ti Essential Training/Project Files/06/03 Creating custom table rows/Resources/android/images/res-long-port-ldpi/default.png splash screen to /Users/hdez/Documents/Lynda/Ti Essential Training/Project Files/06/03 Creating custom table rows/build/android/res/drawable-long-port-ldpi/background.png
[DEBUG] found drawable-notlong-land-hdpi splash screen at /Users/hdez/Documents/Lynda/Ti Essential Training/Project Files/06/03 Creating custom table rows/Resources/android/images/res-notlong-land-hdpi/default.png
[DEBUG] copying /Users/hdez/Documents/Lynda/Ti Essential Training/Project Files/06/03 Creating custom table rows/Resources/android/images/res-notlong-land-hdpi/default.png splash screen to /Users/hdez/Documents/Lynda/Ti Essential Training/Project Files/06/03 Creating custom table rows/build/android/res/drawable-notlong-land-hdpi/background.png
[DEBUG] found drawable-notlong-land-ldpi splash screen at /Users/hdez/Documents/Lynda/Ti Essential Training/Project Files/06/03 Creating custom table rows/Resources/android/images/res-notlong-land-ldpi/default.png
[DEBUG] copying /Users/hdez/Documents/Lynda/Ti Essential Training/Project Files/06/03 Creating custom table rows/Resources/android/images/res-notlong-land-ldpi/default.png splash screen to /Users/hdez/Documents/Lynda/Ti Essential Training/Project Files/06/03 Creating custom table rows/build/android/res/drawable-notlong-land-ldpi/background.png
[DEBUG] found drawable-notlong-land-mdpi splash screen at /Users/hdez/Documents/Lynda/Ti Essential Training/Project Files/06/03 Creating custom table rows/Resources/android/images/res-notlong-land-mdpi/default.png
[DEBUG] copying /Users/hdez/Documents/Lynda/Ti Essential Training/Project Files/06/03 Creating custom table rows/Resources/android/images/res-notlong-land-mdpi/default.png splash screen to /Users/hdez/Documents/Lynda/Ti Essential Training/Project Files/06/03 Creating custom table rows/build/android/res/drawable-notlong-land-mdpi/background.png
[DEBUG] found drawable-notlong-port-hdpi splash screen at /Users/hdez/Documents/Lynda/Ti Essential Training/Project Files/06/03 Creating custom table rows/Resources/android/images/res-notlong-port-hdpi/default.png
[DEBUG] copying /Users/hdez/Documents/Lynda/Ti Essential Training/Project Files/06/03 Creating custom table rows/Resources/android/images/res-notlong-port-hdpi/default.png splash screen to /Users/hdez/Documents/Lynda/Ti Essential Training/Project Files/06/03 Creating custom table rows/build/android/res/drawable-notlong-port-hdpi/background.png
[DEBUG] found drawable-notlong-port-ldpi splash screen at /Users/hdez/Documents/Lynda/Ti Essential Training/Project Files/06/03 Creating custom table rows/Resources/android/images/res-notlong-port-ldpi/default.png
[DEBUG] copying /Users/hdez/Documents/Lynda/Ti Essential Training/Project Files/06/03 Creating custom table rows/Resources/android/images/res-notlong-port-ldpi/default.png splash screen to /Users/hdez/Documents/Lynda/Ti Essential Training/Project Files/06/03 Creating custom table rows/build/android/res/drawable-notlong-port-ldpi/background.png
[DEBUG] found drawable-notlong-port-mdpi splash screen at /Users/hdez/Documents/Lynda/Ti Essential Training/Project Files/06/03 Creating custom table rows/Resources/android/images/res-notlong-port-mdpi/default.png
[DEBUG] copying /Users/hdez/Documents/Lynda/Ti Essential Training/Project Files/06/03 Creating custom table rows/Resources/android/images/res-notlong-port-mdpi/default.png splash screen to /Users/hdez/Documents/Lynda/Ti Essential Training/Project Files/06/03 Creating custom table rows/build/android/res/drawable-notlong-port-mdpi/background.png
[DEBUG] found splash screen at /Users/hdez/Documents/Lynda/Ti Essential Training/Project Files/06/03 Creating custom table rows/build/android/bin/assets/Resources/default.png
[TRACE] Writing out AndroidManifest.xml
[TRACE] adb devices returned 1 devices/emulators
[DEBUG] adding /Users/hdez/Documents/Lynda/Ti Essential Training/Project Files/06/03 Creating custom table rows/build/android/gen/com/lynda/ti0603/_0603CreatingCustomTableRowsActivity.java to javac build list
[DEBUG] adding /Users/hdez/Documents/Lynda/Ti Essential Training/Project Files/06/03 Creating custom table rows/build/android/gen/com/lynda/ti0603/_0603CreatingCustomTableRowsAppInfo.java to javac build list
[DEBUG] adding /Users/hdez/Documents/Lynda/Ti Essential Training/Project Files/06/03 Creating custom table rows/build/android/gen/com/lynda/ti0603/_0603CreatingCustomTableRowsApplication.java to javac build list
[DEBUG] adding /Users/hdez/Documents/Lynda/Ti Essential Training/Project Files/06/03 Creating custom table rows/build/android/gen/com/lynda/ti0603/ApplicationStylesheet.java to javac build list
[DEBUG] adding /Users/hdez/Documents/Lynda/Ti Essential Training/Project Files/06/03 Creating custom table rows/build/android/gen/com/lynda/ti0603/R.java to javac build list
[DEBUG] Building Java Sources: "/Users/hdez/Documents/Lynda/Ti Essential Training/Project Files/06/03 Creating custom table rows/build/android/gen/com/lynda/ti0603/_0603CreatingCustomTableRowsActivity.java" "/Users/hdez/Documents/Lynda/Ti Essential Training/Project Files/06/03 Creating custom table rows/build/android/gen/com/lynda/ti0603/_0603CreatingCustomTableRowsAppInfo.java" "/Users/hdez/Documents/Lynda/Ti Essential Training/Project Files/06/03 Creating custom table rows/build/android/gen/com/lynda/ti0603/_0603CreatingCustomTableRowsApplication.java" "/Users/hdez/Documents/Lynda/Ti Essential Training/Project Files/06/03 Creating custom table rows/build/android/gen/com/lynda/ti0603/ApplicationStylesheet.java" "/Users/hdez/Documents/Lynda/Ti Essential Training/Project Files/06/03 Creating custom table rows/build/android/gen/com/lynda/ti0603/R.java"
[INFO] Compiling Android Resources... This could take some time
[TRACE] adb devices returned 1 devices/emulators
[TRACE] adb devices returned 1 devices/emulators
[TRACE] adb devices returned 1 devices/emulators
[TRACE] adb devices returned 1 devices/emulators
[TRACE] adb devices returned 1 devices/emulators
[DEBUG] Android classes.dex built
[TRACE] adb devices returned 1 devices/emulators
[DEBUG] creating unsigned apk: /Users/hdez/Documents/Lynda/Ti Essential Training/Project Files/06/03 Creating custom table rows/build/android/bin/app-unsigned.apk
[DEBUG] from resource zip => assets/Resources/images/backpack.png
[DEBUG] from resource zip => assets/Resources/images/backpack@2x.png
[DEBUG] from resource zip => assets/Resources/images/desert-sea.png
[DEBUG] from resource zip => assets/Resources/images/desert-sea@2x.png
[DEBUG] from resource zip => assets/Resources/images/spa.png
[DEBUG] from resource zip => assets/Resources/images/spa@2x.png
[DEBUG] from resource zip => assets/Resources/KS_nav_ui.png
[DEBUG] from resource zip => assets/Resources/KS_nav_views.png
[DEBUG] from resource zip => assets/Resources/app.js
[DEBUG] from resource zip => assets/Resources/appicon.png
[DEBUG] from resource zip => assets/Resources/default.png
[DEBUG] from resource zip => assets/tiapp.xml
[DEBUG] from resource zip => res/drawable/appicon.png
[DEBUG] from resource zip => res/drawable/background.png
[DEBUG] from resource zip => res/layout/titanium_tabgroup.xml
[DEBUG] from resource zip => AndroidManifest.xml
[DEBUG] from resource zip => resources.arsc
[DEBUG] from resource zip => res/drawable-long-land-hdpi/background.png
[DEBUG] from resource zip => res/drawable-long-land-ldpi/background.png
[DEBUG] from resource zip => res/drawable-long-port-hdpi/background.png
[DEBUG] from resource zip => res/drawable-long-port-ldpi/background.png
[DEBUG] from resource zip => res/drawable-notlong-land-hdpi/background.png
[DEBUG] from resource zip => res/drawable-notlong-land-ldpi/background.png
[DEBUG] from resource zip => res/drawable-notlong-land-mdpi/background.png
[DEBUG] from resource zip => res/drawable-notlong-port-hdpi/background.png
[DEBUG] from resource zip => res/drawable-notlong-port-ldpi/background.png
[DEBUG] from resource zip => res/drawable-notlong-port-mdpi/background.png
[DEBUG] from JAR /Library/Application Support/Titanium/mobilesdk/osx/1.7.5/android/titanium.jar => org/apache/Commons-NOTICE.txt
[DEBUG] from JAR /Library/Application Support/Titanium/mobilesdk/osx/1.7.5/android/titanium.jar => org/apache/HttpComponents-NOTICE.txt
[DEBUG] from JAR /Library/Application Support/Titanium/mobilesdk/osx/1.7.5/android/titanium.jar => org/apache/mime4j-NOTICE.txt
[DEBUG] from JAR /Library/Application Support/Titanium/mobilesdk/osx/1.7.5/android/titanium.jar => org/appcelerator/titanium/build.properties
[DEBUG] from JAR /Library/Application Support/Titanium/mobilesdk/osx/1.7.5/android/titanium.jar => org/appcelerator/titanium/res/drawable/background.png
[DEBUG] from JAR /Library/Application Support/Titanium/mobilesdk/osx/1.7.5/android/titanium.jar => org/appcelerator/titanium/res/drawable/btn_check_buttonless_on.png
[DEBUG] from JAR /Library/Application Support/Titanium/mobilesdk/osx/1.7.5/android/titanium.jar => org/appcelerator/titanium/res/drawable/btn_check_buttonless_on_18.png
[DEBUG] from JAR /Library/Application Support/Titanium/mobilesdk/osx/1.7.5/android/titanium.jar => org/appcelerator/titanium/res/drawable/btn_check_buttonless_on_48.png
[DEBUG] from JAR /Library/Application Support/Titanium/mobilesdk/osx/1.7.5/android/titanium.jar => org/appcelerator/titanium/res/drawable/btn_more.png
[DEBUG] from JAR /Library/Application Support/Titanium/mobilesdk/osx/1.7.5/android/titanium.jar => org/appcelerator/titanium/res/drawable/btn_more_18.png
[DEBUG] from JAR /Library/Application Support/Titanium/mobilesdk/osx/1.7.5/android/titanium.jar => org/appcelerator/titanium/res/drawable/btn_more_48.png
[DEBUG] from JAR /Library/Application Support/Titanium/mobilesdk/osx/1.7.5/android/titanium.jar => org/appcelerator/titanium/res/drawable/btn_picker_normal.9.png
[DEBUG] from JAR /Library/Application Support/Titanium/mobilesdk/osx/1.7.5/android/titanium.jar => org/appcelerator/titanium/res/drawable/btn_picker_pressed.9.png
[DEBUG] from JAR /Library/Application Support/Titanium/mobilesdk/osx/1.7.5/android/titanium.jar => org/appcelerator/titanium/res/drawable/btn_picker_selected.9.png
[DEBUG] from JAR /Library/Application Support/Titanium/mobilesdk/osx/1.7.5/android/titanium.jar => org/appcelerator/titanium/res/drawable/default_icon.png
[DEBUG] from JAR /Library/Application Support/Titanium/mobilesdk/osx/1.7.5/android/titanium.jar => org/appcelerator/titanium/res/drawable/photoDefault.png
[DEBUG] from JAR /Library/Application Support/Titanium/mobilesdk/osx/1.7.5/android/smalljs.jar => org/mozilla/javascript/resources/Messages.properties
[DEBUG] from JAR /Library/Application Support/Titanium/mobilesdk/osx/1.7.5/android/smalljs.jar => org/mozilla/javascript/resources/Messages_fr.properties
[DEBUG] from JAR /Library/Application Support/Titanium/mobilesdk/osx/1.7.5/android/modules/titanium-ui.jar => ti/modules/titanium/ui/widget/webview/binding.js
[DEBUG] from JAR /Library/Application Support/Titanium/mobilesdk/osx/1.7.5/android/modules/titanium-ui.jar => ti/modules/titanium/ui/widget/webview/binding.min.js
[DEBUG] from JAR /Library/Application Support/Titanium/mobilesdk/osx/1.7.5/android/modules/titanium-ui.jar => ti/modules/titanium/ui/widget/webview/json2.js
[TRACE] adb devices returned 1 devices/emulators
[DEBUG] Waiting for device to be ready ...
[TRACE] adb devices returned 1 devices/emulators
[DEBUG] Device connected... (waited 0 seconds)
[DEBUG] waited 0.036309 seconds on emulator to get ready
[INFO] Installing application on emulator
[TRACE] adb devices returned 1 devices/emulators
[TRACE] adb devices returned 1 devices/emulators
[INFO] Application installed. Launch from drawer on Home Screen
[TRACE] adb devices returned 1 devices/emulators
[TRACE] adb devices returned 1 devices/emulators
[TRACE] adb devices returned 1 devices/emulators
[TRACE] adb devices returned 1 devices/emulators
[TRACE] adb devices returned 1 devices/emulators
[TRACE] adb devices returned 1 devices/emulators
[TRACE] adb devices returned 1 devices/emulators
[TRACE] adb devices returned 1 devices/emulators
[TRACE] adb devices returned 1 devices/emulators
[TRACE] adb devices returned 1 devices/emulators
[TRACE] adb devices returned 1 devices/emulators
[TRACE] adb devices returned 1 devices/emulators
